0 info it worked if it ends with ok
1 verbose cli [ 'C:\\Program Files\\nodejs\\node.exe',
1 verbose cli   'C:\\Program Files\\nodejs\\node_modules\\npm\\bin\\npm-cli.js',
1 verbose cli   'install',
1 verbose cli   'mongodb' ]
2 info using npm@3.8.9
3 info using node@v6.2.0
4 silly loadCurrentTree Starting
5 silly install loadCurrentTree
6 silly install readLocalPackageData
7 silly fetchPackageMetaData mongodb@~2.0.33
8 silly fetchNamedPackageData mongodb
9 silly mapToRegistry name mongodb
10 silly mapToRegistry using default registry
11 silly mapToRegistry registry https://registry.npmjs.org/
12 silly mapToRegistry data Result {
12 silly mapToRegistry   raw: 'mongodb',
12 silly mapToRegistry   scope: null,
12 silly mapToRegistry   name: 'mongodb',
12 silly mapToRegistry   rawSpec: '',
12 silly mapToRegistry   spec: 'latest',
12 silly mapToRegistry   type: 'tag' }
13 silly mapToRegistry uri https://registry.npmjs.org/mongodb
14 verbose request uri https://registry.npmjs.org/mongodb
15 verbose request no auth needed
16 info attempt registry request try #1 at 05:28:01
17 verbose request id 7897577840137b56
18 verbose etag "8HWMRQUYR9R9CVDR1YG7QJ7T9"
19 http request GET https://registry.npmjs.org/mongodb
20 http 304 https://registry.npmjs.org/mongodb
21 verbose headers { date: 'Wed, 01 Jun 2016 02:25:00 GMT',
21 verbose headers   via: '1.1 varnish',
21 verbose headers   'cache-control': 'max-age=300',
21 verbose headers   etag: '"8HWMRQUYR9R9CVDR1YG7QJ7T9"',
21 verbose headers   age: '79',
21 verbose headers   connection: 'keep-alive',
21 verbose headers   'x-served-by': 'cache-lhr6331-LHR',
21 verbose headers   'x-cache': 'HIT',
21 verbose headers   'x-cache-hits': '1',
21 verbose headers   'x-timer': 'S1464747900.388389,VS0,VE0',
21 verbose headers   vary: 'Accept-Encoding' }
22 silly get cb [ 304,
22 silly get   { date: 'Wed, 01 Jun 2016 02:25:00 GMT',
22 silly get     via: '1.1 varnish',
22 silly get     'cache-control': 'max-age=300',
22 silly get     etag: '"8HWMRQUYR9R9CVDR1YG7QJ7T9"',
22 silly get     age: '79',
22 silly get     connection: 'keep-alive',
22 silly get     'x-served-by': 'cache-lhr6331-LHR',
22 silly get     'x-cache': 'HIT',
22 silly get     'x-cache-hits': '1',
22 silly get     'x-timer': 'S1464747900.388389,VS0,VE0',
22 silly get     vary: 'Accept-Encoding' } ]
23 verbose etag https://registry.npmjs.org/mongodb from cache
24 verbose get saving mongodb to C:\Users\orimbato\AppData\Roaming\npm-cache\registry.npmjs.org\mongodb\.cache.json
25 verbose correctMkdir C:\Users\orimbato\AppData\Roaming\npm-cache correctMkdir not in flight; initializing
26 silly install normalizeTree
27 silly loadCurrentTree Finishing
28 silly loadIdealTree Starting
29 silly install loadIdealTree
30 silly cloneCurrentTree Starting
31 silly install cloneCurrentTreeToIdealTree
32 silly cloneCurrentTree Finishing
33 silly loadShrinkwrap Starting
34 silly install loadShrinkwrap
35 silly loadShrinkwrap Finishing
36 silly loadAllDepsIntoIdealTree Starting
37 silly install loadAllDepsIntoIdealTree
38 silly resolveWithNewModule mongodb@2.0.55 checking installable status
39 silly cache add args [ 'mongodb@~2.0.33', null ]
40 verbose cache add spec mongodb@~2.0.33
41 silly cache add parsed spec Result {
41 silly cache add   raw: 'mongodb@~2.0.33',
41 silly cache add   scope: null,
41 silly cache add   name: 'mongodb',
41 silly cache add   rawSpec: '~2.0.33',
41 silly cache add   spec: '>=2.0.33 <2.1.0',
41 silly cache add   type: 'range' }
42 silly addNamed mongodb@>=2.0.33 <2.1.0
43 verbose addNamed ">=2.0.33 <2.1.0" is a valid semver range for mongodb
44 silly addNameRange { name: 'mongodb', range: '>=2.0.33 <2.1.0', hasData: false }
45 silly mapToRegistry name mongodb
46 silly mapToRegistry using default registry
47 silly mapToRegistry registry https://registry.npmjs.org/
48 silly mapToRegistry data Result {
48 silly mapToRegistry   raw: 'mongodb',
48 silly mapToRegistry   scope: null,
48 silly mapToRegistry   name: 'mongodb',
48 silly mapToRegistry   rawSpec: '',
48 silly mapToRegistry   spec: 'latest',
48 silly mapToRegistry   type: 'tag' }
49 silly mapToRegistry uri https://registry.npmjs.org/mongodb
50 verbose addNameRange registry:https://registry.npmjs.org/mongodb not in flight; fetching
51 verbose get https://registry.npmjs.org/mongodb not expired, no request
52 silly addNameRange number 2 { name: 'mongodb', range: '>=2.0.33 <2.1.0', hasData: true }
53 silly addNameRange versions [ 'mongodb',
53 silly addNameRange   [ '0.9.4',
53 silly addNameRange     '0.9.4-4',
53 silly addNameRange     '0.9.3',
53 silly addNameRange     '0.9.1',
53 silly addNameRange     '0.9.2',
53 silly addNameRange     '0.9.6-7',
53 silly addNameRange     '0.9.6-8',
53 silly addNameRange     '0.9.6-9',
53 silly addNameRange     '0.9.6-10',
53 silly addNameRange     '0.9.6-11',
53 silly addNameRange     '0.9.6-12',
53 silly addNameRange     '0.9.6-13',
53 silly addNameRange     '0.9.6-14',
53 silly addNameRange     '0.9.6-15',
53 silly addNameRange     '0.9.6-16',
53 silly addNameRange     '0.9.6-17',
53 silly addNameRange     '0.9.6-18',
53 silly addNameRange     '0.9.6-19',
53 silly addNameRange     '0.9.6-20',
53 silly addNameRange     '0.9.6-21',
53 silly addNameRange     '0.9.6-22',
53 silly addNameRange     '0.9.6-23',
53 silly addNameRange     '0.9.7',
53 silly addNameRange     '0.9.7-0',
53 silly addNameRange     '0.9.7-1',
53 silly addNameRange     '0.9.7-1.1',
53 silly addNameRange     '0.9.7-1.2',
53 silly addNameRange     '0.9.7-1.3',
53 silly addNameRange     '0.9.7-1.4',
53 silly addNameRange     '0.9.7-2',
53 silly addNameRange     '0.9.7-2-1',
53 silly addNameRange     '0.9.7-2-2',
53 silly addNameRange     '0.9.7-2-3',
53 silly addNameRange     '0.9.7-2-4',
53 silly addNameRange     '0.9.7-2-5',
53 silly addNameRange     '0.9.7-3',
53 silly addNameRange     '0.9.7-3-1',
53 silly addNameRange     '0.9.7-3-2',
53 silly addNameRange     '0.9.7-3-3',
53 silly addNameRange     '0.9.7-3-4',
53 silly addNameRange     '0.9.7-3-5',
53 silly addNameRange     '0.9.8',
53 silly addNameRange     '0.9.8-1',
53 silly addNameRange     '0.9.8-2',
53 silly addNameRange     '0.9.8-3',
53 silly addNameRange     '0.9.8-4',
53 silly addNameRange     '0.9.8-5',
53 silly addNameRange     '0.9.8-6',
53 silly addNameRange     '0.9.8-7',
53 silly addNameRange     '0.9.9',
53 silly addNameRange     '0.9.9-1',
53 silly addNameRange     '0.9.9-2',
53 silly addNameRange     '0.9.9-3',
53 silly addNameRange     '0.9.9-4',
53 silly addNameRange     '0.9.9-5',
53 silly addNameRange     '0.9.9-6',
53 silly addNameRange     '0.9.9-7',
53 silly addNameRange     '0.9.9-8',
53 silly addNameRange     '1.0.0',
53 silly addNameRange     '1.0.1',
53 silly addNameRange     '1.0.2',
53 silly addNameRange     '1.1.0-beta',
53 silly addNameRange     '1.1.0',
53 silly addNameRange     '1.1.1',
53 silly addNameRange     '1.1.2',
53 silly addNameRange     '1.1.3',
53 silly addNameRange     '1.1.4',
53 silly addNameRange     '1.1.5',
53 silly addNameRange     '1.1.6',
53 silly addNameRange     '1.1.7',
53 silly addNameRange     '1.1.8',
53 silly addNameRange     '1.1.9',
53 silly addNameRange     '1.1.10',
53 silly addNameRange     '1.1.11',
53 silly addNameRange     '1.2.0',
53 silly addNameRange     '1.2.1',
53 silly addNameRange     '1.2.2',
53 silly addNameRange     '1.2.3',
53 silly addNameRange     '1.2.4',
53 silly addNameRange     '1.2.5',
53 silly addNameRange     '1.2.6',
53 silly addNameRange     '1.2.7',
53 silly addNameRange     '1.2.8',
53 silly addNameRange     '1.2.9',
53 silly addNameRange     '1.2.10',
53 silly addNameRange     '1.2.11',
53 silly addNameRange     '1.2.12',
53 silly addNameRange     '1.2.13',
53 silly addNameRange     '1.2.14',
53 silly addNameRange     '1.3.0',
53 silly addNameRange     '1.3.1',
53 silly addNameRange     '1.3.2',
53 silly addNameRange     '1.3.3',
53 silly addNameRange     '1.3.4',
53 silly addNameRange     '1.3.5',
53 silly addNameRange     '1.3.6',
53 silly addNameRange     '1.3.7',
53 silly addNameRange     '1.3.8',
53 silly addNameRange     '1.3.9',
53 silly addNameRange     '1.3.10',
53 silly addNameRange     ... 141 more items ] ]
54 silly addNamed mongodb@2.0.55
55 verbose addNamed "2.0.55" is a plain semver version for mongodb
56 silly cache afterAdd mongodb@2.0.55
57 verbose afterAdd C:\Users\orimbato\AppData\Roaming\npm-cache\mongodb\2.0.55\package\package.json not in flight; writing
58 verbose correctMkdir C:\Users\orimbato\AppData\Roaming\npm-cache correctMkdir not in flight; initializing
59 verbose afterAdd C:\Users\orimbato\AppData\Roaming\npm-cache\mongodb\2.0.55\package\package.json written
60 silly fetchNamedPackageData mongodb-core
61 silly mapToRegistry name mongodb-core
62 silly mapToRegistry using default registry
63 silly mapToRegistry registry https://registry.npmjs.org/
64 silly mapToRegistry data Result {
64 silly mapToRegistry   raw: 'mongodb-core',
64 silly mapToRegistry   scope: null,
64 silly mapToRegistry   name: 'mongodb-core',
64 silly mapToRegistry   rawSpec: '',
64 silly mapToRegistry   spec: 'latest',
64 silly mapToRegistry   type: 'tag' }
65 silly mapToRegistry uri https://registry.npmjs.org/mongodb-core
66 silly fetchNamedPackageData readable-stream
67 silly mapToRegistry name readable-stream
68 silly mapToRegistry using default registry
69 silly mapToRegistry registry https://registry.npmjs.org/
70 silly mapToRegistry data Result {
70 silly mapToRegistry   raw: 'readable-stream',
70 silly mapToRegistry   scope: null,
70 silly mapToRegistry   name: 'readable-stream',
70 silly mapToRegistry   rawSpec: '',
70 silly mapToRegistry   spec: 'latest',
70 silly mapToRegistry   type: 'tag' }
71 silly mapToRegistry uri https://registry.npmjs.org/readable-stream
72 silly fetchNamedPackageData es6-promise
73 silly mapToRegistry name es6-promise
74 silly mapToRegistry using default registry
75 silly mapToRegistry registry https://registry.npmjs.org/
76 silly mapToRegistry data Result {
76 silly mapToRegistry   raw: 'es6-promise',
76 silly mapToRegistry   scope: null,
76 silly mapToRegistry   name: 'es6-promise',
76 silly mapToRegistry   rawSpec: '',
76 silly mapToRegistry   spec: 'latest',
76 silly mapToRegistry   type: 'tag' }
77 silly mapToRegistry uri https://registry.npmjs.org/es6-promise
78 verbose request uri https://registry.npmjs.org/es6-promise
79 verbose request no auth needed
80 info attempt registry request try #1 at 05:28:05
81 verbose etag "9OVYTBD7CK9J7CBJKRSG225SK"
82 http request GET https://registry.npmjs.org/es6-promise
83 verbose request uri https://registry.npmjs.org/mongodb-core
84 verbose request no auth needed
85 info attempt registry request try #1 at 05:28:05
86 verbose etag "D8CXMLB7J7L00K5SHX65X0ISM"
87 http request GET https://registry.npmjs.org/mongodb-core
88 verbose request uri https://registry.npmjs.org/readable-stream
89 verbose request no auth needed
90 info attempt registry request try #1 at 05:28:05
91 verbose etag "E9VURFQDJSVN7SKYIIMYUOYYK"
92 http request GET https://registry.npmjs.org/readable-stream
93 http 304 https://registry.npmjs.org/es6-promise
94 verbose headers { date: 'Wed, 01 Jun 2016 02:25:01 GMT',
94 verbose headers   via: '1.1 varnish',
94 verbose headers   'cache-control': 'max-age=300',
94 verbose headers   etag: '"9OVYTBD7CK9J7CBJKRSG225SK"',
94 verbose headers   age: '127',
94 verbose headers   connection: 'keep-alive',
94 verbose headers   'x-served-by': 'cache-lhr6331-LHR',
94 verbose headers   'x-cache': 'HIT',
94 verbose headers   'x-cache-hits': '1',
94 verbose headers   'x-timer': 'S1464747901.114390,VS0,VE0',
94 verbose headers   vary: 'Accept-Encoding' }
95 silly get cb [ 304,
95 silly get   { date: 'Wed, 01 Jun 2016 02:25:01 GMT',
95 silly get     via: '1.1 varnish',
95 silly get     'cache-control': 'max-age=300',
95 silly get     etag: '"9OVYTBD7CK9J7CBJKRSG225SK"',
95 silly get     age: '127',
95 silly get     connection: 'keep-alive',
95 silly get     'x-served-by': 'cache-lhr6331-LHR',
95 silly get     'x-cache': 'HIT',
95 silly get     'x-cache-hits': '1',
95 silly get     'x-timer': 'S1464747901.114390,VS0,VE0',
95 silly get     vary: 'Accept-Encoding' } ]
96 verbose etag https://registry.npmjs.org/es6-promise from cache
97 verbose get saving es6-promise to C:\Users\orimbato\AppData\Roaming\npm-cache\registry.npmjs.org\es6-promise\.cache.json
98 verbose correctMkdir C:\Users\orimbato\AppData\Roaming\npm-cache correctMkdir not in flight; initializing
99 silly resolveWithNewModule es6-promise@2.1.1 checking installable status
100 silly cache add args [ 'es6-promise@2.1.1', null ]
101 verbose cache add spec es6-promise@2.1.1
102 silly cache add parsed spec Result {
102 silly cache add   raw: 'es6-promise@2.1.1',
102 silly cache add   scope: null,
102 silly cache add   name: 'es6-promise',
102 silly cache add   rawSpec: '2.1.1',
102 silly cache add   spec: '2.1.1',
102 silly cache add   type: 'version' }
103 silly addNamed es6-promise@2.1.1
104 verbose addNamed "2.1.1" is a plain semver version for es6-promise
105 silly mapToRegistry name es6-promise
106 silly mapToRegistry using default registry
107 silly mapToRegistry registry https://registry.npmjs.org/
108 silly mapToRegistry data Result {
108 silly mapToRegistry   raw: 'es6-promise',
108 silly mapToRegistry   scope: null,
108 silly mapToRegistry   name: 'es6-promise',
108 silly mapToRegistry   rawSpec: '',
108 silly mapToRegistry   spec: 'latest',
108 silly mapToRegistry   type: 'tag' }
109 silly mapToRegistry uri https://registry.npmjs.org/es6-promise
110 verbose addNameVersion registry:https://registry.npmjs.org/es6-promise not in flight; fetching
111 verbose get https://registry.npmjs.org/es6-promise not expired, no request
112 silly cache afterAdd es6-promise@2.1.1
113 verbose afterAdd C:\Users\orimbato\AppData\Roaming\npm-cache\es6-promise\2.1.1\package\package.json not in flight; writing
114 verbose correctMkdir C:\Users\orimbato\AppData\Roaming\npm-cache correctMkdir not in flight; initializing
115 verbose afterAdd C:\Users\orimbato\AppData\Roaming\npm-cache\es6-promise\2.1.1\package\package.json written
116 http 304 https://registry.npmjs.org/readable-stream
117 verbose headers { date: 'Wed, 01 Jun 2016 02:25:01 GMT',
117 verbose headers   via: '1.1 varnish',
117 verbose headers   'cache-control': 'max-age=300',
117 verbose headers   etag: '"E9VURFQDJSVN7SKYIIMYUOYYK"',
117 verbose headers   age: '245',
117 verbose headers   connection: 'keep-alive',
117 verbose headers   'x-served-by': 'cache-lhr6330-LHR',
117 verbose headers   'x-cache': 'HIT',
117 verbose headers   'x-cache-hits': '8',
117 verbose headers   'x-timer': 'S1464747901.659196,VS0,VE0',
117 verbose headers   vary: 'Accept-Encoding' }
118 silly get cb [ 304,
118 silly get   { date: 'Wed, 01 Jun 2016 02:25:01 GMT',
118 silly get     via: '1.1 varnish',
118 silly get     'cache-control': 'max-age=300',
118 silly get     etag: '"E9VURFQDJSVN7SKYIIMYUOYYK"',
118 silly get     age: '245',
118 silly get     connection: 'keep-alive',
118 silly get     'x-served-by': 'cache-lhr6330-LHR',
118 silly get     'x-cache': 'HIT',
118 silly get     'x-cache-hits': '8',
118 silly get     'x-timer': 'S1464747901.659196,VS0,VE0',
118 silly get     vary: 'Accept-Encoding' } ]
119 verbose etag https://registry.npmjs.org/readable-stream from cache
120 verbose get saving readable-stream to C:\Users\orimbato\AppData\Roaming\npm-cache\registry.npmjs.org\readable-stream\.cache.json
121 verbose correctMkdir C:\Users\orimbato\AppData\Roaming\npm-cache correctMkdir not in flight; initializing
122 silly resolveWithNewModule readable-stream@1.0.31 checking installable status
123 silly cache add args [ 'readable-stream@1.0.31', null ]
124 verbose cache add spec readable-stream@1.0.31
125 silly cache add parsed spec Result {
125 silly cache add   raw: 'readable-stream@1.0.31',
125 silly cache add   scope: null,
125 silly cache add   name: 'readable-stream',
125 silly cache add   rawSpec: '1.0.31',
125 silly cache add   spec: '1.0.31',
125 silly cache add   type: 'version' }
126 silly addNamed readable-stream@1.0.31
127 verbose addNamed "1.0.31" is a plain semver version for readable-stream
128 silly mapToRegistry name readable-stream
129 silly mapToRegistry using default registry
130 silly mapToRegistry registry https://registry.npmjs.org/
131 silly mapToRegistry data Result {
131 silly mapToRegistry   raw: 'readable-stream',
131 silly mapToRegistry   scope: null,
131 silly mapToRegistry   name: 'readable-stream',
131 silly mapToRegistry   rawSpec: '',
131 silly mapToRegistry   spec: 'latest',
131 silly mapToRegistry   type: 'tag' }
132 silly mapToRegistry uri https://registry.npmjs.org/readable-stream
133 verbose addNameVersion registry:https://registry.npmjs.org/readable-stream not in flight; fetching
134 verbose get https://registry.npmjs.org/readable-stream not expired, no request
135 silly cache afterAdd readable-stream@1.0.31
136 verbose afterAdd C:\Users\orimbato\AppData\Roaming\npm-cache\readable-stream\1.0.31\package\package.json not in flight; writing
137 verbose correctMkdir C:\Users\orimbato\AppData\Roaming\npm-cache correctMkdir not in flight; initializing
138 verbose afterAdd C:\Users\orimbato\AppData\Roaming\npm-cache\readable-stream\1.0.31\package\package.json written
139 http 304 https://registry.npmjs.org/mongodb-core
140 verbose headers { date: 'Wed, 01 Jun 2016 02:25:01 GMT',
140 verbose headers   via: '1.1 varnish',
140 verbose headers   'cache-control': 'max-age=300',
140 verbose headers   etag: '"D8CXMLB7J7L00K5SHX65X0ISM"',
140 verbose headers   age: '80',
140 verbose headers   connection: 'keep-alive',
140 verbose headers   'x-served-by': 'cache-lhr6346-LHR',
140 verbose headers   'x-cache': 'HIT',
140 verbose headers   'x-cache-hits': '1',
140 verbose headers   'x-timer': 'S1464747901.739513,VS0,VE7',
140 verbose headers   vary: 'Accept-Encoding' }
141 silly get cb [ 304,
141 silly get   { date: 'Wed, 01 Jun 2016 02:25:01 GMT',
141 silly get     via: '1.1 varnish',
141 silly get     'cache-control': 'max-age=300',
141 silly get     etag: '"D8CXMLB7J7L00K5SHX65X0ISM"',
141 silly get     age: '80',
141 silly get     connection: 'keep-alive',
141 silly get     'x-served-by': 'cache-lhr6346-LHR',
141 silly get     'x-cache': 'HIT',
141 silly get     'x-cache-hits': '1',
141 silly get     'x-timer': 'S1464747901.739513,VS0,VE7',
141 silly get     vary: 'Accept-Encoding' } ]
142 verbose etag https://registry.npmjs.org/mongodb-core from cache
143 verbose get saving mongodb-core to C:\Users\orimbato\AppData\Roaming\npm-cache\registry.npmjs.org\mongodb-core\.cache.json
144 verbose correctMkdir C:\Users\orimbato\AppData\Roaming\npm-cache correctMkdir not in flight; initializing
145 silly resolveWithNewModule mongodb-core@1.2.31 checking installable status
146 silly cache add args [ 'mongodb-core@1.2.31', null ]
147 verbose cache add spec mongodb-core@1.2.31
148 silly cache add parsed spec Result {
148 silly cache add   raw: 'mongodb-core@1.2.31',
148 silly cache add   scope: null,
148 silly cache add   name: 'mongodb-core',
148 silly cache add   rawSpec: '1.2.31',
148 silly cache add   spec: '1.2.31',
148 silly cache add   type: 'version' }
149 silly addNamed mongodb-core@1.2.31
150 verbose addNamed "1.2.31" is a plain semver version for mongodb-core
151 silly mapToRegistry name mongodb-core
152 silly mapToRegistry using default registry
153 silly mapToRegistry registry https://registry.npmjs.org/
154 silly mapToRegistry data Result {
154 silly mapToRegistry   raw: 'mongodb-core',
154 silly mapToRegistry   scope: null,
154 silly mapToRegistry   name: 'mongodb-core',
154 silly mapToRegistry   rawSpec: '',
154 silly mapToRegistry   spec: 'latest',
154 silly mapToRegistry   type: 'tag' }
155 silly mapToRegistry uri https://registry.npmjs.org/mongodb-core
156 verbose addNameVersion registry:https://registry.npmjs.org/mongodb-core not in flight; fetching
157 verbose get https://registry.npmjs.org/mongodb-core not expired, no request
158 silly cache afterAdd mongodb-core@1.2.31
159 verbose afterAdd C:\Users\orimbato\AppData\Roaming\npm-cache\mongodb-core\1.2.31\package\package.json not in flight; writing
160 verbose correctMkdir C:\Users\orimbato\AppData\Roaming\npm-cache correctMkdir not in flight; initializing
161 verbose afterAdd C:\Users\orimbato\AppData\Roaming\npm-cache\mongodb-core\1.2.31\package\package.json written
162 silly fetchNamedPackageData bson
163 silly mapToRegistry name bson
164 silly mapToRegistry using default registry
165 silly mapToRegistry registry https://registry.npmjs.org/
166 silly mapToRegistry data Result {
166 silly mapToRegistry   raw: 'bson',
166 silly mapToRegistry   scope: null,
166 silly mapToRegistry   name: 'bson',
166 silly mapToRegistry   rawSpec: '',
166 silly mapToRegistry   spec: 'latest',
166 silly mapToRegistry   type: 'tag' }
167 silly mapToRegistry uri https://registry.npmjs.org/bson
168 verbose request uri https://registry.npmjs.org/bson
169 verbose request no auth needed
170 info attempt registry request try #1 at 05:28:06
171 verbose etag "3PEMZ0AC3NMQAQEJRRTZS5D68"
172 http request GET https://registry.npmjs.org/bson
173 http 304 https://registry.npmjs.org/bson
174 verbose headers { date: 'Wed, 01 Jun 2016 02:25:02 GMT',
174 verbose headers   via: '1.1 varnish',
174 verbose headers   'cache-control': 'max-age=300',
174 verbose headers   etag: '"3PEMZ0AC3NMQAQEJRRTZS5D68"',
174 verbose headers   age: '80',
174 verbose headers   connection: 'keep-alive',
174 verbose headers   'x-served-by': 'cache-lhr6331-LHR',
174 verbose headers   'x-cache': 'HIT',
174 verbose headers   'x-cache-hits': '1',
174 verbose headers   'x-timer': 'S1464747902.125260,VS0,VE0',
174 verbose headers   vary: 'Accept-Encoding' }
175 silly get cb [ 304,
175 silly get   { date: 'Wed, 01 Jun 2016 02:25:02 GMT',
175 silly get     via: '1.1 varnish',
175 silly get     'cache-control': 'max-age=300',
175 silly get     etag: '"3PEMZ0AC3NMQAQEJRRTZS5D68"',
175 silly get     age: '80',
175 silly get     connection: 'keep-alive',
175 silly get     'x-served-by': 'cache-lhr6331-LHR',
175 silly get     'x-cache': 'HIT',
175 silly get     'x-cache-hits': '1',
175 silly get     'x-timer': 'S1464747902.125260,VS0,VE0',
175 silly get     vary: 'Accept-Encoding' } ]
176 verbose etag https://registry.npmjs.org/bson from cache
177 verbose get saving bson to C:\Users\orimbato\AppData\Roaming\npm-cache\registry.npmjs.org\bson\.cache.json
178 verbose correctMkdir C:\Users\orimbato\AppData\Roaming\npm-cache correctMkdir not in flight; initializing
179 silly resolveWithNewModule bson@0.4.23 checking installable status
180 silly cache add args [ 'bson@~0.4.20', null ]
181 verbose cache add spec bson@~0.4.20
182 silly cache add parsed spec Result {
182 silly cache add   raw: 'bson@~0.4.20',
182 silly cache add   scope: null,
182 silly cache add   name: 'bson',
182 silly cache add   rawSpec: '~0.4.20',
182 silly cache add   spec: '>=0.4.20 <0.5.0',
182 silly cache add   type: 'range' }
183 silly addNamed bson@>=0.4.20 <0.5.0
184 verbose addNamed ">=0.4.20 <0.5.0" is a valid semver range for bson
185 silly addNameRange { name: 'bson', range: '>=0.4.20 <0.5.0', hasData: false }
186 silly mapToRegistry name bson
187 silly mapToRegistry using default registry
188 silly mapToRegistry registry https://registry.npmjs.org/
189 silly mapToRegistry data Result {
189 silly mapToRegistry   raw: 'bson',
189 silly mapToRegistry   scope: null,
189 silly mapToRegistry   name: 'bson',
189 silly mapToRegistry   rawSpec: '',
189 silly mapToRegistry   spec: 'latest',
189 silly mapToRegistry   type: 'tag' }
190 silly mapToRegistry uri https://registry.npmjs.org/bson
191 verbose addNameRange registry:https://registry.npmjs.org/bson not in flight; fetching
192 verbose get https://registry.npmjs.org/bson not expired, no request
193 silly addNameRange number 2 { name: 'bson', range: '>=0.4.20 <0.5.0', hasData: true }
194 silly addNameRange versions [ 'bson',
194 silly addNameRange   [ '0.0.1',
194 silly addNameRange     '0.0.2',
194 silly addNameRange     '0.0.3',
194 silly addNameRange     '0.0.4',
194 silly addNameRange     '0.0.5',
194 silly addNameRange     '0.0.6',
194 silly addNameRange     '0.0.7',
194 silly addNameRange     '0.0.8',
194 silly addNameRange     '0.0.9',
194 silly addNameRange     '0.1.0',
194 silly addNameRange     '0.1.1',
194 silly addNameRange     '0.1.3',
194 silly addNameRange     '0.1.4',
194 silly addNameRange     '0.1.5',
194 silly addNameRange     '0.1.6',
194 silly addNameRange     '0.1.7',
194 silly addNameRange     '0.1.8',
194 silly addNameRange     '0.1.9',
194 silly addNameRange     '0.2.0',
194 silly addNameRange     '0.2.1',
194 silly addNameRange     '0.2.2',
194 silly addNameRange     '0.2.3',
194 silly addNameRange     '0.2.4',
194 silly addNameRange     '0.2.5',
194 silly addNameRange     '0.2.6',
194 silly addNameRange     '0.2.7',
194 silly addNameRange     '0.2.8',
194 silly addNameRange     '0.2.9',
194 silly addNameRange     '0.2.10',
194 silly addNameRange     '0.2.11',
194 silly addNameRange     '0.2.12',
194 silly addNameRange     '0.2.13',
194 silly addNameRange     '0.2.14',
194 silly addNameRange     '0.2.15',
194 silly addNameRange     '0.2.16',
194 silly addNameRange     '0.2.17',
194 silly addNameRange     '0.2.18',
194 silly addNameRange     '0.2.19',
194 silly addNameRange     '0.2.20',
194 silly addNameRange     '0.2.21',
194 silly addNameRange     '0.3.0',
194 silly addNameRange     '0.3.1',
194 silly addNameRange     '0.3.2',
194 silly addNameRange     '0.4.0',
194 silly addNameRange     '0.4.1',
194 silly addNameRange     '0.4.2',
194 silly addNameRange     '0.4.3',
194 silly addNameRange     '0.4.4',
194 silly addNameRange     '0.4.5',
194 silly addNameRange     '0.4.6',
194 silly addNameRange     '0.4.7',
194 silly addNameRange     '0.4.8',
194 silly addNameRange     '0.2.22',
194 silly addNameRange     '0.4.10',
194 silly addNameRange     '0.4.12',
194 silly addNameRange     '0.4.13',
194 silly addNameRange     '0.4.14',
194 silly addNameRange     '0.4.15',
194 silly addNameRange     '0.4.16',
194 silly addNameRange     '0.4.17',
194 silly addNameRange     '0.4.18',
194 silly addNameRange     '0.4.19',
194 silly addNameRange     '0.4.20',
194 silly addNameRange     '0.4.21',
194 silly addNameRange     '0.4.22',
194 silly addNameRange     '0.4.23' ] ]
195 silly addNamed bson@0.4.23
196 verbose addNamed "0.4.23" is a plain semver version for bson
197 silly cache afterAdd bson@0.4.23
198 verbose afterAdd C:\Users\orimbato\AppData\Roaming\npm-cache\bson\0.4.23\package\package.json not in flight; writing
199 verbose correctMkdir C:\Users\orimbato\AppData\Roaming\npm-cache correctMkdir not in flight; initializing
200 verbose afterAdd C:\Users\orimbato\AppData\Roaming\npm-cache\bson\0.4.23\package\package.json written
201 silly fetchNamedPackageData core-util-is
202 silly mapToRegistry name core-util-is
203 silly mapToRegistry using default registry
204 silly mapToRegistry registry https://registry.npmjs.org/
205 silly mapToRegistry data Result {
205 silly mapToRegistry   raw: 'core-util-is',
205 silly mapToRegistry   scope: null,
205 silly mapToRegistry   name: 'core-util-is',
205 silly mapToRegistry   rawSpec: '',
205 silly mapToRegistry   spec: 'latest',
205 silly mapToRegistry   type: 'tag' }
206 silly mapToRegistry uri https://registry.npmjs.org/core-util-is
207 silly fetchNamedPackageData isarray
208 silly mapToRegistry name isarray
209 silly mapToRegistry using default registry
210 silly mapToRegistry registry https://registry.npmjs.org/
211 silly mapToRegistry data Result {
211 silly mapToRegistry   raw: 'isarray',
211 silly mapToRegistry   scope: null,
211 silly mapToRegistry   name: 'isarray',
211 silly mapToRegistry   rawSpec: '',
211 silly mapToRegistry   spec: 'latest',
211 silly mapToRegistry   type: 'tag' }
212 silly mapToRegistry uri https://registry.npmjs.org/isarray
213 silly fetchNamedPackageData string_decoder
214 silly mapToRegistry name string_decoder
215 silly mapToRegistry using default registry
216 silly mapToRegistry registry https://registry.npmjs.org/
217 silly mapToRegistry data Result {
217 silly mapToRegistry   raw: 'string_decoder',
217 silly mapToRegistry   scope: null,
217 silly mapToRegistry   name: 'string_decoder',
217 silly mapToRegistry   rawSpec: '',
217 silly mapToRegistry   spec: 'latest',
217 silly mapToRegistry   type: 'tag' }
218 silly mapToRegistry uri https://registry.npmjs.org/string_decoder
219 silly fetchNamedPackageData inherits
220 silly mapToRegistry name inherits
221 silly mapToRegistry using default registry
222 silly mapToRegistry registry https://registry.npmjs.org/
223 silly mapToRegistry data Result {
223 silly mapToRegistry   raw: 'inherits',
223 silly mapToRegistry   scope: null,
223 silly mapToRegistry   name: 'inherits',
223 silly mapToRegistry   rawSpec: '',
223 silly mapToRegistry   spec: 'latest',
223 silly mapToRegistry   type: 'tag' }
224 silly mapToRegistry uri https://registry.npmjs.org/inherits
225 verbose request uri https://registry.npmjs.org/core-util-is
226 verbose request no auth needed
227 info attempt registry request try #1 at 05:28:06
228 verbose etag "6256IW0LPJZIUTAPQQVSDLP90"
229 http request GET https://registry.npmjs.org/core-util-is
230 verbose request uri https://registry.npmjs.org/isarray
231 verbose request no auth needed
232 info attempt registry request try #1 at 05:28:07
233 verbose etag "9BAUPW5RTV3W0838KA6Y08NTG"
234 http request GET https://registry.npmjs.org/isarray
235 verbose request uri https://registry.npmjs.org/string_decoder
236 verbose request no auth needed
237 info attempt registry request try #1 at 05:28:07
238 verbose etag "3SLQP4XEWUIBONOV855WOPR0B"
239 http request GET https://registry.npmjs.org/string_decoder
240 verbose request uri https://registry.npmjs.org/inherits
241 verbose request no auth needed
242 info attempt registry request try #1 at 05:28:07
243 verbose etag "9C23BNETE30UZVYRVML0QUTBX"
244 http request GET https://registry.npmjs.org/inherits
245 http 200 https://registry.npmjs.org/core-util-is
246 verbose headers { server: 'CouchDB/1.5.0 (Erlang OTP/R16B03)',
246 verbose headers   etag: '"75RK9UUWAHLYO40UZKLLOJ8YF"',
246 verbose headers   'content-type': 'application/json',
246 verbose headers   'content-encoding': 'gzip',
246 verbose headers   'cache-control': 'max-age=300',
246 verbose headers   'content-length': '1009',
246 verbose headers   'accept-ranges': 'bytes',
246 verbose headers   date: 'Wed, 01 Jun 2016 02:25:02 GMT',
246 verbose headers   via: '1.1 varnish',
246 verbose headers   age: '266',
246 verbose headers   connection: 'keep-alive',
246 verbose headers   'x-served-by': 'cache-lhr6330-LHR',
246 verbose headers   'x-cache': 'HIT',
246 verbose headers   'x-cache-hits': '6',
246 verbose headers   'x-timer': 'S1464747902.471038,VS0,VE0',
246 verbose headers   vary: 'Accept-Encoding' }
247 silly get cb [ 200,
247 silly get   { server: 'CouchDB/1.5.0 (Erlang OTP/R16B03)',
247 silly get     etag: '"75RK9UUWAHLYO40UZKLLOJ8YF"',
247 silly get     'content-type': 'application/json',
247 silly get     'content-encoding': 'gzip',
247 silly get     'cache-control': 'max-age=300',
247 silly get     'content-length': '1009',
247 silly get     'accept-ranges': 'bytes',
247 silly get     date: 'Wed, 01 Jun 2016 02:25:02 GMT',
247 silly get     via: '1.1 varnish',
247 silly get     age: '266',
247 silly get     connection: 'keep-alive',
247 silly get     'x-served-by': 'cache-lhr6330-LHR',
247 silly get     'x-cache': 'HIT',
247 silly get     'x-cache-hits': '6',
247 silly get     'x-timer': 'S1464747902.471038,VS0,VE0',
247 silly get     vary: 'Accept-Encoding' } ]
248 verbose get saving core-util-is to C:\Users\orimbato\AppData\Roaming\npm-cache\registry.npmjs.org\core-util-is\.cache.json
249 verbose correctMkdir C:\Users\orimbato\AppData\Roaming\npm-cache correctMkdir not in flight; initializing
250 silly resolveWithNewModule core-util-is@1.0.2 checking installable status
251 silly cache add args [ 'core-util-is@~1.0.0', null ]
252 verbose cache add spec core-util-is@~1.0.0
253 silly cache add parsed spec Result {
253 silly cache add   raw: 'core-util-is@~1.0.0',
253 silly cache add   scope: null,
253 silly cache add   name: 'core-util-is',
253 silly cache add   rawSpec: '~1.0.0',
253 silly cache add   spec: '>=1.0.0 <1.1.0',
253 silly cache add   type: 'range' }
254 silly addNamed core-util-is@>=1.0.0 <1.1.0
255 verbose addNamed ">=1.0.0 <1.1.0" is a valid semver range for core-util-is
256 silly addNameRange { name: 'core-util-is', range: '>=1.0.0 <1.1.0', hasData: false }
257 silly mapToRegistry name core-util-is
258 silly mapToRegistry using default registry
259 silly mapToRegistry registry https://registry.npmjs.org/
260 silly mapToRegistry data Result {
260 silly mapToRegistry   raw: 'core-util-is',
260 silly mapToRegistry   scope: null,
260 silly mapToRegistry   name: 'core-util-is',
260 silly mapToRegistry   rawSpec: '',
260 silly mapToRegistry   spec: 'latest',
260 silly mapToRegistry   type: 'tag' }
261 silly mapToRegistry uri https://registry.npmjs.org/core-util-is
262 verbose addNameRange registry:https://registry.npmjs.org/core-util-is not in flight; fetching
263 verbose get https://registry.npmjs.org/core-util-is not expired, no request
264 silly addNameRange number 2 { name: 'core-util-is', range: '>=1.0.0 <1.1.0', hasData: true }
265 silly addNameRange versions [ 'core-util-is', [ '1.0.0', '1.0.1', '1.0.2' ] ]
266 silly addNamed core-util-is@1.0.2
267 verbose addNamed "1.0.2" is a plain semver version for core-util-is
268 silly cache afterAdd core-util-is@1.0.2
269 verbose afterAdd C:\Users\orimbato\AppData\Roaming\npm-cache\core-util-is\1.0.2\package\package.json not in flight; writing
270 verbose correctMkdir C:\Users\orimbato\AppData\Roaming\npm-cache correctMkdir not in flight; initializing
271 verbose afterAdd C:\Users\orimbato\AppData\Roaming\npm-cache\core-util-is\1.0.2\package\package.json written
272 http 304 https://registry.npmjs.org/isarray
273 verbose headers { date: 'Wed, 01 Jun 2016 02:25:02 GMT',
273 verbose headers   via: '1.1 varnish',
273 verbose headers   'cache-control': 'max-age=300',
273 verbose headers   etag: '"9BAUPW5RTV3W0838KA6Y08NTG"',
273 verbose headers   age: '214',
273 verbose headers   connection: 'keep-alive',
273 verbose headers   'x-served-by': 'cache-lhr6346-LHR',
273 verbose headers   'x-cache': 'HIT',
273 verbose headers   'x-cache-hits': '4',
273 verbose headers   'x-timer': 'S1464747902.507795,VS0,VE0',
273 verbose headers   vary: 'Accept-Encoding' }
274 silly get cb [ 304,
274 silly get   { date: 'Wed, 01 Jun 2016 02:25:02 GMT',
274 silly get     via: '1.1 varnish',
274 silly get     'cache-control': 'max-age=300',
274 silly get     etag: '"9BAUPW5RTV3W0838KA6Y08NTG"',
274 silly get     age: '214',
274 silly get     connection: 'keep-alive',
274 silly get     'x-served-by': 'cache-lhr6346-LHR',
274 silly get     'x-cache': 'HIT',
274 silly get     'x-cache-hits': '4',
274 silly get     'x-timer': 'S1464747902.507795,VS0,VE0',
274 silly get     vary: 'Accept-Encoding' } ]
275 verbose etag https://registry.npmjs.org/isarray from cache
276 verbose get saving isarray to C:\Users\orimbato\AppData\Roaming\npm-cache\registry.npmjs.org\isarray\.cache.json
277 verbose correctMkdir C:\Users\orimbato\AppData\Roaming\npm-cache correctMkdir not in flight; initializing
278 silly resolveWithNewModule isarray@0.0.1 checking installable status
279 silly cache add args [ 'isarray@0.0.1', null ]
280 verbose cache add spec isarray@0.0.1
281 silly cache add parsed spec Result {
281 silly cache add   raw: 'isarray@0.0.1',
281 silly cache add   scope: null,
281 silly cache add   name: 'isarray',
281 silly cache add   rawSpec: '0.0.1',
281 silly cache add   spec: '0.0.1',
281 silly cache add   type: 'version' }
282 silly addNamed isarray@0.0.1
283 verbose addNamed "0.0.1" is a plain semver version for isarray
284 silly mapToRegistry name isarray
285 silly mapToRegistry using default registry
286 silly mapToRegistry registry https://registry.npmjs.org/
287 silly mapToRegistry data Result {
287 silly mapToRegistry   raw: 'isarray',
287 silly mapToRegistry   scope: null,
287 silly mapToRegistry   name: 'isarray',
287 silly mapToRegistry   rawSpec: '',
287 silly mapToRegistry   spec: 'latest',
287 silly mapToRegistry   type: 'tag' }
288 silly mapToRegistry uri https://registry.npmjs.org/isarray
289 verbose addNameVersion registry:https://registry.npmjs.org/isarray not in flight; fetching
290 verbose get https://registry.npmjs.org/isarray not expired, no request
291 silly cache afterAdd isarray@0.0.1
292 verbose afterAdd C:\Users\orimbato\AppData\Roaming\npm-cache\isarray\0.0.1\package\package.json not in flight; writing
293 verbose correctMkdir C:\Users\orimbato\AppData\Roaming\npm-cache correctMkdir not in flight; initializing
294 http 304 https://registry.npmjs.org/string_decoder
295 verbose headers { date: 'Wed, 01 Jun 2016 02:25:02 GMT',
295 verbose headers   via: '1.1 varnish',
295 verbose headers   'cache-control': 'max-age=300',
295 verbose headers   etag: '"3SLQP4XEWUIBONOV855WOPR0B"',
295 verbose headers   age: '7',
295 verbose headers   connection: 'keep-alive',
295 verbose headers   'x-served-by': 'cache-lhr6331-LHR',
295 verbose headers   'x-cache': 'HIT',
295 verbose headers   'x-cache-hits': '1',
295 verbose headers   'x-timer': 'S1464747902.520400,VS0,VE0',
295 verbose headers   vary: 'Accept-Encoding' }
296 silly get cb [ 304,
296 silly get   { date: 'Wed, 01 Jun 2016 02:25:02 GMT',
296 silly get     via: '1.1 varnish',
296 silly get     'cache-control': 'max-age=300',
296 silly get     etag: '"3SLQP4XEWUIBONOV855WOPR0B"',
296 silly get     age: '7',
296 silly get     connection: 'keep-alive',
296 silly get     'x-served-by': 'cache-lhr6331-LHR',
296 silly get     'x-cache': 'HIT',
296 silly get     'x-cache-hits': '1',
296 silly get     'x-timer': 'S1464747902.520400,VS0,VE0',
296 silly get     vary: 'Accept-Encoding' } ]
297 verbose etag https://registry.npmjs.org/string_decoder from cache
298 verbose get saving string_decoder to C:\Users\orimbato\AppData\Roaming\npm-cache\registry.npmjs.org\string_decoder\.cache.json
299 verbose correctMkdir C:\Users\orimbato\AppData\Roaming\npm-cache correctMkdir not in flight; initializing
300 verbose afterAdd C:\Users\orimbato\AppData\Roaming\npm-cache\isarray\0.0.1\package\package.json written
301 silly resolveWithNewModule string_decoder@0.10.31 checking installable status
302 silly cache add args [ 'string_decoder@~0.10.x', null ]
303 verbose cache add spec string_decoder@~0.10.x
304 silly cache add parsed spec Result {
304 silly cache add   raw: 'string_decoder@~0.10.x',
304 silly cache add   scope: null,
304 silly cache add   name: 'string_decoder',
304 silly cache add   rawSpec: '~0.10.x',
304 silly cache add   spec: '>=0.10.0 <0.11.0',
304 silly cache add   type: 'range' }
305 silly addNamed string_decoder@>=0.10.0 <0.11.0
306 verbose addNamed ">=0.10.0 <0.11.0" is a valid semver range for string_decoder
307 silly addNameRange { name: 'string_decoder',
307 silly addNameRange   range: '>=0.10.0 <0.11.0',
307 silly addNameRange   hasData: false }
308 silly mapToRegistry name string_decoder
309 silly mapToRegistry using default registry
310 silly mapToRegistry registry https://registry.npmjs.org/
311 silly mapToRegistry data Result {
311 silly mapToRegistry   raw: 'string_decoder',
311 silly mapToRegistry   scope: null,
311 silly mapToRegistry   name: 'string_decoder',
311 silly mapToRegistry   rawSpec: '',
311 silly mapToRegistry   spec: 'latest',
311 silly mapToRegistry   type: 'tag' }
312 silly mapToRegistry uri https://registry.npmjs.org/string_decoder
313 verbose addNameRange registry:https://registry.npmjs.org/string_decoder not in flight; fetching
314 verbose get https://registry.npmjs.org/string_decoder not expired, no request
315 silly addNameRange number 2 { name: 'string_decoder',
315 silly addNameRange   range: '>=0.10.0 <0.11.0',
315 silly addNameRange   hasData: true }
316 silly addNameRange versions [ 'string_decoder',
316 silly addNameRange   [ '0.0.0',
316 silly addNameRange     '0.0.1',
316 silly addNameRange     '0.10.24',
316 silly addNameRange     '0.11.10',
316 silly addNameRange     '0.10.25',
316 silly addNameRange     '0.11.10-1',
316 silly addNameRange     '0.10.25-1',
316 silly addNameRange     '0.10.31' ] ]
317 silly addNamed string_decoder@0.10.31
318 verbose addNamed "0.10.31" is a plain semver version for string_decoder
319 silly cache afterAdd string_decoder@0.10.31
320 verbose afterAdd C:\Users\orimbato\AppData\Roaming\npm-cache\string_decoder\0.10.31\package\package.json not in flight; writing
321 verbose correctMkdir C:\Users\orimbato\AppData\Roaming\npm-cache correctMkdir not in flight; initializing
322 verbose afterAdd C:\Users\orimbato\AppData\Roaming\npm-cache\string_decoder\0.10.31\package\package.json written
323 http 304 https://registry.npmjs.org/inherits
324 verbose headers { date: 'Wed, 01 Jun 2016 02:25:03 GMT',
324 verbose headers   via: '1.1 varnish',
324 verbose headers   'cache-control': 'max-age=300',
324 verbose headers   etag: '"9C23BNETE30UZVYRVML0QUTBX"',
324 verbose headers   age: '292',
324 verbose headers   connection: 'keep-alive',
324 verbose headers   'x-served-by': 'cache-lhr6331-LHR',
324 verbose headers   'x-cache': 'HIT',
324 verbose headers   'x-cache-hits': '6',
324 verbose headers   'x-timer': 'S1464747903.056863,VS0,VE0',
324 verbose headers   vary: 'Accept-Encoding' }
325 silly get cb [ 304,
325 silly get   { date: 'Wed, 01 Jun 2016 02:25:03 GMT',
325 silly get     via: '1.1 varnish',
325 silly get     'cache-control': 'max-age=300',
325 silly get     etag: '"9C23BNETE30UZVYRVML0QUTBX"',
325 silly get     age: '292',
325 silly get     connection: 'keep-alive',
325 silly get     'x-served-by': 'cache-lhr6331-LHR',
325 silly get     'x-cache': 'HIT',
325 silly get     'x-cache-hits': '6',
325 silly get     'x-timer': 'S1464747903.056863,VS0,VE0',
325 silly get     vary: 'Accept-Encoding' } ]
326 verbose etag https://registry.npmjs.org/inherits from cache
327 verbose get saving inherits to C:\Users\orimbato\AppData\Roaming\npm-cache\registry.npmjs.org\inherits\.cache.json
328 verbose correctMkdir C:\Users\orimbato\AppData\Roaming\npm-cache correctMkdir not in flight; initializing
329 silly resolveWithNewModule inherits@2.0.1 checking installable status
330 silly cache add args [ 'inherits@~2.0.1', null ]
331 verbose cache add spec inherits@~2.0.1
332 silly cache add parsed spec Result {
332 silly cache add   raw: 'inherits@~2.0.1',
332 silly cache add   scope: null,
332 silly cache add   name: 'inherits',
332 silly cache add   rawSpec: '~2.0.1',
332 silly cache add   spec: '>=2.0.1 <2.1.0',
332 silly cache add   type: 'range' }
333 silly addNamed inherits@>=2.0.1 <2.1.0
334 verbose addNamed ">=2.0.1 <2.1.0" is a valid semver range for inherits
335 silly addNameRange { name: 'inherits', range: '>=2.0.1 <2.1.0', hasData: false }
336 silly mapToRegistry name inherits
337 silly mapToRegistry using default registry
338 silly mapToRegistry registry https://registry.npmjs.org/
339 silly mapToRegistry data Result {
339 silly mapToRegistry   raw: 'inherits',
339 silly mapToRegistry   scope: null,
339 silly mapToRegistry   name: 'inherits',
339 silly mapToRegistry   rawSpec: '',
339 silly mapToRegistry   spec: 'latest',
339 silly mapToRegistry   type: 'tag' }
340 silly mapToRegistry uri https://registry.npmjs.org/inherits
341 verbose addNameRange registry:https://registry.npmjs.org/inherits not in flight; fetching
342 verbose get https://registry.npmjs.org/inherits not expired, no request
343 silly addNameRange number 2 { name: 'inherits', range: '>=2.0.1 <2.1.0', hasData: true }
344 silly addNameRange versions [ 'inherits', [ '1.0.0', '2.0.0', '2.0.1', '1.0.1', '1.0.2' ] ]
345 silly addNamed inherits@2.0.1
346 verbose addNamed "2.0.1" is a plain semver version for inherits
347 silly cache afterAdd inherits@2.0.1
348 verbose afterAdd C:\Users\orimbato\AppData\Roaming\npm-cache\inherits\2.0.1\package\package.json not in flight; writing
349 verbose correctMkdir C:\Users\orimbato\AppData\Roaming\npm-cache correctMkdir not in flight; initializing
350 verbose afterAdd C:\Users\orimbato\AppData\Roaming\npm-cache\inherits\2.0.1\package\package.json written
351 silly fetchNamedPackageData bignumber.js
352 silly mapToRegistry name bignumber.js
353 silly mapToRegistry using default registry
354 silly mapToRegistry registry https://registry.npmjs.org/
355 silly mapToRegistry data Result {
355 silly mapToRegistry   raw: 'bignumber.js',
355 silly mapToRegistry   scope: null,
355 silly mapToRegistry   name: 'bignumber.js',
355 silly mapToRegistry   rawSpec: '',
355 silly mapToRegistry   spec: 'latest',
355 silly mapToRegistry   type: 'tag' }
356 silly mapToRegistry uri https://registry.npmjs.org/bignumber.js
357 silly fetchNamedPackageData readable-stream
358 silly mapToRegistry name readable-stream
359 silly mapToRegistry using default registry
360 silly mapToRegistry registry https://registry.npmjs.org/
361 silly mapToRegistry data Result {
361 silly mapToRegistry   raw: 'readable-stream',
361 silly mapToRegistry   scope: null,
361 silly mapToRegistry   name: 'readable-stream',
361 silly mapToRegistry   rawSpec: '',
361 silly mapToRegistry   spec: 'latest',
361 silly mapToRegistry   type: 'tag' }
362 silly mapToRegistry uri https://registry.npmjs.org/readable-stream
363 silly resolveWithNewModule readable-stream@1.1.14 checking installable status
364 silly cache add args [ 'readable-stream@1.1.14', null ]
365 verbose cache add spec readable-stream@1.1.14
366 silly cache add parsed spec Result {
366 silly cache add   raw: 'readable-stream@1.1.14',
366 silly cache add   scope: null,
366 silly cache add   name: 'readable-stream',
366 silly cache add   rawSpec: '1.1.14',
366 silly cache add   spec: '1.1.14',
366 silly cache add   type: 'version' }
367 silly addNamed readable-stream@1.1.14
368 verbose addNamed "1.1.14" is a plain semver version for readable-stream
369 silly mapToRegistry name readable-stream
370 silly mapToRegistry using default registry
371 silly mapToRegistry registry https://registry.npmjs.org/
372 silly mapToRegistry data Result {
372 silly mapToRegistry   raw: 'readable-stream',
372 silly mapToRegistry   scope: null,
372 silly mapToRegistry   name: 'readable-stream',
372 silly mapToRegistry   rawSpec: '',
372 silly mapToRegistry   spec: 'latest',
372 silly mapToRegistry   type: 'tag' }
373 silly mapToRegistry uri https://registry.npmjs.org/readable-stream
374 verbose addNameVersion registry:https://registry.npmjs.org/readable-stream not in flight; fetching
375 verbose get https://registry.npmjs.org/readable-stream not expired, no request
376 verbose request uri https://registry.npmjs.org/bignumber.js
377 verbose request no auth needed
378 info attempt registry request try #1 at 05:28:08
379 verbose etag "DAKKNXWJPJGELFOQ4C2FOWT53"
380 http request GET https://registry.npmjs.org/bignumber.js
381 silly cache afterAdd readable-stream@1.1.14
382 verbose afterAdd C:\Users\orimbato\AppData\Roaming\npm-cache\readable-stream\1.1.14\package\package.json not in flight; writing
383 verbose correctMkdir C:\Users\orimbato\AppData\Roaming\npm-cache correctMkdir not in flight; initializing
384 verbose afterAdd C:\Users\orimbato\AppData\Roaming\npm-cache\readable-stream\1.1.14\package\package.json written
385 http 200 https://registry.npmjs.org/bignumber.js
386 verbose headers { server: 'CouchDB/1.5.0 (Erlang OTP/R16B03)',
386 verbose headers   etag: '"BLV0RIUB0PYAPZVDE2L5AOOKG"',
386 verbose headers   'content-type': 'application/json',
386 verbose headers   'content-encoding': 'gzip',
386 verbose headers   'cache-control': 'max-age=300',
386 verbose headers   'content-length': '8747',
386 verbose headers   'accept-ranges': 'bytes',
386 verbose headers   date: 'Wed, 01 Jun 2016 02:25:03 GMT',
386 verbose headers   via: '1.1 varnish',
386 verbose headers   age: '0',
386 verbose headers   connection: 'keep-alive',
386 verbose headers   'x-served-by': 'cache-lhr6330-LHR',
386 verbose headers   'x-cache': 'HIT',
386 verbose headers   'x-cache-hits': '1',
386 verbose headers   'x-timer': 'S1464747903.613042,VS0,VE371',
386 verbose headers   vary: 'Accept-Encoding' }
387 silly get cb [ 200,
387 silly get   { server: 'CouchDB/1.5.0 (Erlang OTP/R16B03)',
387 silly get     etag: '"BLV0RIUB0PYAPZVDE2L5AOOKG"',
387 silly get     'content-type': 'application/json',
387 silly get     'content-encoding': 'gzip',
387 silly get     'cache-control': 'max-age=300',
387 silly get     'content-length': '8747',
387 silly get     'accept-ranges': 'bytes',
387 silly get     date: 'Wed, 01 Jun 2016 02:25:03 GMT',
387 silly get     via: '1.1 varnish',
387 silly get     age: '0',
387 silly get     connection: 'keep-alive',
387 silly get     'x-served-by': 'cache-lhr6330-LHR',
387 silly get     'x-cache': 'HIT',
387 silly get     'x-cache-hits': '1',
387 silly get     'x-timer': 'S1464747903.613042,VS0,VE371',
387 silly get     vary: 'Accept-Encoding' } ]
388 verbose get saving bignumber.js to C:\Users\orimbato\AppData\Roaming\npm-cache\registry.npmjs.org\bignumber.js\.cache.json
389 verbose correctMkdir C:\Users\orimbato\AppData\Roaming\npm-cache correctMkdir not in flight; initializing
390 silly resolveWithNewModule bignumber.js@2.3.0 checking installable status
391 silly cache add args [ 'bignumber.js@2.3.0', null ]
392 verbose cache add spec bignumber.js@2.3.0
393 silly cache add parsed spec Result {
393 silly cache add   raw: 'bignumber.js@2.3.0',
393 silly cache add   scope: null,
393 silly cache add   name: 'bignumber.js',
393 silly cache add   rawSpec: '2.3.0',
393 silly cache add   spec: '2.3.0',
393 silly cache add   type: 'version' }
394 silly addNamed bignumber.js@2.3.0
395 verbose addNamed "2.3.0" is a plain semver version for bignumber.js
396 silly mapToRegistry name bignumber.js
397 silly mapToRegistry using default registry
398 silly mapToRegistry registry https://registry.npmjs.org/
399 silly mapToRegistry data Result {
399 silly mapToRegistry   raw: 'bignumber.js',
399 silly mapToRegistry   scope: null,
399 silly mapToRegistry   name: 'bignumber.js',
399 silly mapToRegistry   rawSpec: '',
399 silly mapToRegistry   spec: 'latest',
399 silly mapToRegistry   type: 'tag' }
400 silly mapToRegistry uri https://registry.npmjs.org/bignumber.js
401 verbose addNameVersion registry:https://registry.npmjs.org/bignumber.js not in flight; fetching
402 verbose get https://registry.npmjs.org/bignumber.js not expired, no request
403 silly mapToRegistry name bignumber.js
404 silly mapToRegistry using default registry
405 silly mapToRegistry registry https://registry.npmjs.org/
406 silly mapToRegistry data Result {
406 silly mapToRegistry   raw: 'bignumber.js',
406 silly mapToRegistry   scope: null,
406 silly mapToRegistry   name: 'bignumber.js',
406 silly mapToRegistry   rawSpec: '',
406 silly mapToRegistry   spec: 'latest',
406 silly mapToRegistry   type: 'tag' }
407 silly mapToRegistry uri https://registry.npmjs.org/bignumber.js
408 verbose addRemoteTarball https://registry.npmjs.org/bignumber.js/-/bignumber.js-2.3.0.tgz not in flight; adding
409 verbose addRemoteTarball [ 'https://registry.npmjs.org/bignumber.js/-/bignumber.js-2.3.0.tgz',
409 verbose addRemoteTarball   '597a02d791edc3d64f17850e21789e7a4095df66' ]
410 info retry fetch attempt 1 at 05:28:08
411 info attempt registry request try #1 at 05:28:08
412 http fetch GET https://registry.npmjs.org/bignumber.js/-/bignumber.js-2.3.0.tgz
413 http fetch 200 https://registry.npmjs.org/bignumber.js/-/bignumber.js-2.3.0.tgz
414 silly fetchAndShaCheck shasum 597a02d791edc3d64f17850e21789e7a4095df66
415 verbose addTmpTarball C:\Users\orimbato\AppData\Local\Temp\npm-1676-90b6339c\registry.npmjs.org\bignumber.js\-\bignumber.js-2.3.0.tgz not in flight; adding
416 verbose addTmpTarball already have metadata; skipping unpack for bignumber.js@2.3.0
417 verbose correctMkdir C:\Users\orimbato\AppData\Roaming\npm-cache correctMkdir not in flight; initializing
418 silly cache afterAdd bignumber.js@2.3.0
419 verbose afterAdd C:\Users\orimbato\AppData\Roaming\npm-cache\bignumber.js\2.3.0\package\package.json not in flight; writing
420 verbose correctMkdir C:\Users\orimbato\AppData\Roaming\npm-cache correctMkdir not in flight; initializing
421 verbose afterAdd C:\Users\orimbato\AppData\Roaming\npm-cache\bignumber.js\2.3.0\package\package.json written
422 silly loadAllDepsIntoIdealTree Finishing
423 silly idealTree:prePrune gestionutilisateur@0.0.0
423 silly idealTree:prePrune +-- bignumber.js@2.3.0
423 silly idealTree:prePrune +-- body-parser@1.13.3
423 silly idealTree:prePrune | +-- bytes@2.1.0
423 silly idealTree:prePrune | +-- content-type@1.0.1
423 silly idealTree:prePrune | +-- depd@1.0.1
423 silly idealTree:prePrune | +-- http-errors@1.3.1
423 silly idealTree:prePrune | | +-- inherits@2.0.1
423 silly idealTree:prePrune | | `-- statuses@1.2.1
423 silly idealTree:prePrune | +-- iconv-lite@0.4.11
423 silly idealTree:prePrune | +-- on-finished@2.3.0
423 silly idealTree:prePrune | | `-- ee-first@1.1.1
423 silly idealTree:prePrune | +-- qs@4.0.0
423 silly idealTree:prePrune | +-- raw-body@2.1.5
423 silly idealTree:prePrune | | +-- bytes@2.2.0
423 silly idealTree:prePrune | | +-- iconv-lite@0.4.13
423 silly idealTree:prePrune | | `-- unpipe@1.0.0
423 silly idealTree:prePrune | `-- type-is@1.6.11
423 silly idealTree:prePrune |   +-- media-typer@0.3.0
423 silly idealTree:prePrune |   `-- mime-types@2.1.10
423 silly idealTree:prePrune |     `-- mime-db@1.22.0
423 silly idealTree:prePrune +-- bson@0.4.23
423 silly idealTree:prePrune +-- cookie-parser@1.3.5
423 silly idealTree:prePrune | +-- cookie-signature@1.0.6
423 silly idealTree:prePrune | `-- cookie@0.1.3
423 silly idealTree:prePrune +-- core-util-is@1.0.2
423 silly idealTree:prePrune +-- debug@2.2.0
423 silly idealTree:prePrune | `-- ms@0.7.1
423 silly idealTree:prePrune +-- es6-promise@2.1.1
423 silly idealTree:prePrune +-- express@4.13.4
423 silly idealTree:prePrune | +-- accepts@1.2.13
423 silly idealTree:prePrune | | +-- mime-types@2.1.10
423 silly idealTree:prePrune | | | `-- mime-db@1.22.0
423 silly idealTree:prePrune | | `-- negotiator@0.5.3
423 silly idealTree:prePrune | +-- array-flatten@1.1.1
423 silly idealTree:prePrune | +-- content-disposition@0.5.1
423 silly idealTree:prePrune | +-- content-type@1.0.1
423 silly idealTree:prePrune | +-- cookie-signature@1.0.6
423 silly idealTree:prePrune | +-- cookie@0.1.5
423 silly idealTree:prePrune | +-- depd@1.1.0
423 silly idealTree:prePrune | +-- escape-html@1.0.3
423 silly idealTree:prePrune | +-- etag@1.7.0
423 silly idealTree:prePrune | +-- finalhandler@0.4.1
423 silly idealTree:prePrune | | `-- unpipe@1.0.0
423 silly idealTree:prePrune | +-- fresh@0.3.0
423 silly idealTree:prePrune | +-- merge-descriptors@1.0.1
423 silly idealTree:prePrune | +-- methods@1.1.2
423 silly idealTree:prePrune | +-- on-finished@2.3.0
423 silly idealTree:prePrune | | `-- ee-first@1.1.1
423 silly idealTree:prePrune | +-- parseurl@1.3.1
423 silly idealTree:prePrune | +-- path-to-regexp@0.1.7
423 silly idealTree:prePrune | +-- proxy-addr@1.0.10
423 silly idealTree:prePrune | | +-- forwarded@0.1.0
423 silly idealTree:prePrune | | `-- ipaddr.js@1.0.5
423 silly idealTree:prePrune | +-- qs@4.0.0
423 silly idealTree:prePrune | +-- range-parser@1.0.3
423 silly idealTree:prePrune | +-- send@0.13.1
423 silly idealTree:prePrune | | +-- destroy@1.0.4
423 silly idealTree:prePrune | | +-- http-errors@1.3.1
423 silly idealTree:prePrune | | | `-- inherits@2.0.1
423 silly idealTree:prePrune | | +-- mime@1.3.4
423 silly idealTree:prePrune | | +-- ms@0.7.1
423 silly idealTree:prePrune | | `-- statuses@1.2.1
423 silly idealTree:prePrune | +-- serve-static@1.10.2
423 silly idealTree:prePrune | +-- type-is@1.6.11
423 silly idealTree:prePrune | | +-- media-typer@0.3.0
423 silly idealTree:prePrune | | `-- mime-types@2.1.10
423 silly idealTree:prePrune | |   `-- mime-db@1.22.0
423 silly idealTree:prePrune | +-- utils-merge@1.0.0
423 silly idealTree:prePrune | `-- vary@1.0.1
423 silly idealTree:prePrune +-- inherits@2.0.1
423 silly idealTree:prePrune +-- isarray@0.0.1
423 silly idealTree:prePrune +-- jade@1.11.0
423 silly idealTree:prePrune | +-- character-parser@1.2.1
423 silly idealTree:prePrune | +-- clean-css@3.4.9
423 silly idealTree:prePrune | | +-- commander@2.8.1
423 silly idealTree:prePrune | | | `-- graceful-readlink@1.0.1
423 silly idealTree:prePrune | | `-- source-map@0.4.4
423 silly idealTree:prePrune | |   `-- amdefine@1.0.0
423 silly idealTree:prePrune | +-- commander@2.6.0
423 silly idealTree:prePrune | +-- constantinople@3.0.2
423 silly idealTree:prePrune | | `-- acorn@2.7.0
423 silly idealTree:prePrune | +-- jstransformer@0.0.2
423 silly idealTree:prePrune | | +-- is-promise@2.1.0
423 silly idealTree:prePrune | | `-- promise@6.1.0
423 silly idealTree:prePrune | |   `-- asap@1.0.0
423 silly idealTree:prePrune | +-- mkdirp@0.5.1
423 silly idealTree:prePrune | | `-- minimist@0.0.8
423 silly idealTree:prePrune | +-- transformers@2.1.0
423 silly idealTree:prePrune | | +-- css@1.0.8
423 silly idealTree:prePrune | | | +-- css-parse@1.0.4
423 silly idealTree:prePrune | | | `-- css-stringify@1.0.5
423 silly idealTree:prePrune | | +-- promise@2.0.0
423 silly idealTree:prePrune | | | `-- is-promise@1.0.1
423 silly idealTree:prePrune | | `-- uglify-js@2.2.5
423 silly idealTree:prePrune | |   +-- optimist@0.3.7
423 silly idealTree:prePrune | |   | `-- wordwrap@0.0.3
423 silly idealTree:prePrune | |   `-- source-map@0.1.43
423 silly idealTree:prePrune | |     `-- amdefine@1.0.0
423 silly idealTree:prePrune | +-- uglify-js@2.6.2
423 silly idealTree:prePrune | | +-- async@0.2.10
423 silly idealTree:prePrune | | +-- source-map@0.5.3
423 silly idealTree:prePrune | | +-- uglify-to-browserify@1.0.2
423 silly idealTree:prePrune | | `-- yargs@3.10.0
423 silly idealTree:prePrune | |   +-- camelcase@1.2.1
423 silly idealTree:prePrune | |   +-- cliui@2.1.0
423 silly idealTree:prePrune | |   | +-- center-align@0.1.3
423 silly idealTree:prePrune | |   | | +-- align-text@0.1.4
423 silly idealTree:prePrune | |   | | | +-- kind-of@3.0.2
423 silly idealTree:prePrune | |   | | | | `-- is-buffer@1.1.2
423 silly idealTree:prePrune | |   | | | +-- longest@1.0.1
423 silly idealTree:prePrune | |   | | | `-- repeat-string@1.5.2
423 silly idealTree:prePrune | |   | | `-- lazy-cache@1.0.3
423 silly idealTree:prePrune | |   | +-- right-align@0.1.3
423 silly idealTree:prePrune | |   | | `-- align-text@0.1.4
423 silly idealTree:prePrune | |   | |   +-- kind-of@3.0.2
423 silly idealTree:prePrune | |   | |   | `-- is-buffer@1.1.2
423 silly idealTree:prePrune | |   | |   +-- longest@1.0.1
423 silly idealTree:prePrune | |   | |   `-- repeat-string@1.5.2
423 silly idealTree:prePrune | |   | `-- wordwrap@0.0.2
423 silly idealTree:prePrune | |   +-- decamelize@1.1.2
423 silly idealTree:prePrune | |   | `-- escape-string-regexp@1.0.5
423 silly idealTree:prePrune | |   `-- window-size@0.1.0
423 silly idealTree:prePrune | +-- void-elements@2.0.1
423 silly idealTree:prePrune | `-- with@4.0.3
423 silly idealTree:prePrune |   +-- acorn-globals@1.0.9
423 silly idealTree:prePrune |   | `-- acorn@2.7.0
423 silly idealTree:prePrune |   `-- acorn@1.2.2
423 silly idealTree:prePrune +-- mongodb-core@1.2.31
423 silly idealTree:prePrune +-- mongodb@2.0.55
423 silly idealTree:prePrune +-- mongoose@4.4.19
423 silly idealTree:prePrune | +-- async@1.5.2
423 silly idealTree:prePrune | +-- bson@0.4.23
423 silly idealTree:prePrune | +-- hooks-fixed@1.1.0
423 silly idealTree:prePrune | +-- kareem@1.0.1
423 silly idealTree:prePrune | +-- mongodb@2.1.18
423 silly idealTree:prePrune | | +-- es6-promise@3.0.2
423 silly idealTree:prePrune | | +-- mongodb-core@1.3.18
423 silly idealTree:prePrune | | | `-- require_optional@1.0.0
423 silly idealTree:prePrune | | |   +-- resolve-from@2.0.0
423 silly idealTree:prePrune | | |   `-- semver@5.1.0
423 silly idealTree:prePrune | | `-- readable-stream@1.0.31
423 silly idealTree:prePrune | |   +-- core-util-is@1.0.2
423 silly idealTree:prePrune | |   +-- inherits@2.0.1
423 silly idealTree:prePrune | |   +-- isarray@0.0.1
423 silly idealTree:prePrune | |   `-- string_decoder@0.10.31
423 silly idealTree:prePrune | +-- mpath@0.2.1
423 silly idealTree:prePrune | +-- mpromise@0.5.5
423 silly idealTree:prePrune | +-- mquery@1.10.0
423 silly idealTree:prePrune | | +-- bluebird@2.10.2
423 silly idealTree:prePrune | | `-- sliced@0.0.5
423 silly idealTree:prePrune | +-- ms@0.7.1
423 silly idealTree:prePrune | +-- muri@1.1.0
423 silly idealTree:prePrune | +-- regexp-clone@0.0.1
423 silly idealTree:prePrune | `-- sliced@1.0.1
423 silly idealTree:prePrune +-- monk@1.0.1
423 silly idealTree:prePrune | +-- mongodb@1.4.40
423 silly idealTree:prePrune | | +-- bson@0.2.22
423 silly idealTree:prePrune | | | `-- nan@1.8.4
423 silly idealTree:prePrune | | +-- kerberos@0.0.11
423 silly idealTree:prePrune | | | `-- nan@1.8.4
423 silly idealTree:prePrune | | `-- readable-stream@2.0.5
423 silly idealTree:prePrune | |   +-- core-util-is@1.0.2
423 silly idealTree:prePrune | |   +-- inherits@2.0.1
423 silly idealTree:prePrune | |   +-- isarray@0.0.1
423 silly idealTree:prePrune | |   +-- process-nextick-args@1.0.6
423 silly idealTree:prePrune | |   +-- string_decoder@0.10.31
423 silly idealTree:prePrune | |   `-- util-deprecate@1.0.2
423 silly idealTree:prePrune | +-- mongoskin@1.4.13
423 silly idealTree:prePrune | `-- mpromise@0.5.1
423 silly idealTree:prePrune +-- morgan@1.6.1
423 silly idealTree:prePrune | +-- basic-auth@1.0.3
423 silly idealTree:prePrune | +-- depd@1.0.1
423 silly idealTree:prePrune | +-- on-finished@2.3.0
423 silly idealTree:prePrune | | `-- ee-first@1.1.1
423 silly idealTree:prePrune | `-- on-headers@1.0.1
423 silly idealTree:prePrune +-- mysql@2.10.2
423 silly idealTree:prePrune | `-- readable-stream@1.1.14
423 silly idealTree:prePrune +-- mysql@2.10.2
423 silly idealTree:prePrune | +-- bignumber.js@2.1.4
423 silly idealTree:prePrune | `-- readable-stream@1.1.13
423 silly idealTree:prePrune |   +-- core-util-is@1.0.2
423 silly idealTree:prePrune |   +-- inherits@2.0.1
423 silly idealTree:prePrune |   +-- isarray@0.0.1
423 silly idealTree:prePrune |   `-- string_decoder@0.10.31
423 silly idealTree:prePrune +-- readable-stream@1.0.31
423 silly idealTree:prePrune +-- serve-favicon@2.3.0
423 silly idealTree:prePrune | +-- etag@1.7.0
423 silly idealTree:prePrune | +-- fresh@0.3.0
423 silly idealTree:prePrune | +-- ms@0.7.1
423 silly idealTree:prePrune | `-- parseurl@1.3.1
423 silly idealTree:prePrune `-- string_decoder@0.10.31
424 silly loadIdealTree Finishing
425 silly currentTree gestionutilisateur@0.0.0
425 silly currentTree +-- body-parser@1.13.3
425 silly currentTree | +-- bytes@2.1.0
425 silly currentTree | +-- content-type@1.0.1
425 silly currentTree | +-- depd@1.0.1
425 silly currentTree | +-- http-errors@1.3.1
425 silly currentTree | | +-- inherits@2.0.1
425 silly currentTree | | `-- statuses@1.2.1
425 silly currentTree | +-- iconv-lite@0.4.11
425 silly currentTree | +-- on-finished@2.3.0
425 silly currentTree | | `-- ee-first@1.1.1
425 silly currentTree | +-- qs@4.0.0
425 silly currentTree | +-- raw-body@2.1.5
425 silly currentTree | | +-- bytes@2.2.0
425 silly currentTree | | +-- iconv-lite@0.4.13
425 silly currentTree | | `-- unpipe@1.0.0
425 silly currentTree | `-- type-is@1.6.11
425 silly currentTree |   +-- media-typer@0.3.0
425 silly currentTree |   `-- mime-types@2.1.10
425 silly currentTree |     `-- mime-db@1.22.0
425 silly currentTree +-- cookie-parser@1.3.5
425 silly currentTree | +-- cookie-signature@1.0.6
425 silly currentTree | `-- cookie@0.1.3
425 silly currentTree +-- debug@2.2.0
425 silly currentTree | `-- ms@0.7.1
425 silly currentTree +-- express@4.13.4
425 silly currentTree | +-- accepts@1.2.13
425 silly currentTree | | +-- mime-types@2.1.10
425 silly currentTree | | | `-- mime-db@1.22.0
425 silly currentTree | | `-- negotiator@0.5.3
425 silly currentTree | +-- array-flatten@1.1.1
425 silly currentTree | +-- content-disposition@0.5.1
425 silly currentTree | +-- content-type@1.0.1
425 silly currentTree | +-- cookie-signature@1.0.6
425 silly currentTree | +-- cookie@0.1.5
425 silly currentTree | +-- depd@1.1.0
425 silly currentTree | +-- escape-html@1.0.3
425 silly currentTree | +-- etag@1.7.0
425 silly currentTree | +-- finalhandler@0.4.1
425 silly currentTree | | `-- unpipe@1.0.0
425 silly currentTree | +-- fresh@0.3.0
425 silly currentTree | +-- merge-descriptors@1.0.1
425 silly currentTree | +-- methods@1.1.2
425 silly currentTree | +-- on-finished@2.3.0
425 silly currentTree | | `-- ee-first@1.1.1
425 silly currentTree | +-- parseurl@1.3.1
425 silly currentTree | +-- path-to-regexp@0.1.7
425 silly currentTree | +-- proxy-addr@1.0.10
425 silly currentTree | | +-- forwarded@0.1.0
425 silly currentTree | | `-- ipaddr.js@1.0.5
425 silly currentTree | +-- qs@4.0.0
425 silly currentTree | +-- range-parser@1.0.3
425 silly currentTree | +-- send@0.13.1
425 silly currentTree | | +-- destroy@1.0.4
425 silly currentTree | | +-- http-errors@1.3.1
425 silly currentTree | | | `-- inherits@2.0.1
425 silly currentTree | | +-- mime@1.3.4
425 silly currentTree | | +-- ms@0.7.1
425 silly currentTree | | `-- statuses@1.2.1
425 silly currentTree | +-- serve-static@1.10.2
425 silly currentTree | +-- type-is@1.6.11
425 silly currentTree | | +-- media-typer@0.3.0
425 silly currentTree | | `-- mime-types@2.1.10
425 silly currentTree | |   `-- mime-db@1.22.0
425 silly currentTree | +-- utils-merge@1.0.0
425 silly currentTree | `-- vary@1.0.1
425 silly currentTree +-- jade@1.11.0
425 silly currentTree | +-- character-parser@1.2.1
425 silly currentTree | +-- clean-css@3.4.9
425 silly currentTree | | +-- commander@2.8.1
425 silly currentTree | | | `-- graceful-readlink@1.0.1
425 silly currentTree | | `-- source-map@0.4.4
425 silly currentTree | |   `-- amdefine@1.0.0
425 silly currentTree | +-- commander@2.6.0
425 silly currentTree | +-- constantinople@3.0.2
425 silly currentTree | | `-- acorn@2.7.0
425 silly currentTree | +-- jstransformer@0.0.2
425 silly currentTree | | +-- is-promise@2.1.0
425 silly currentTree | | `-- promise@6.1.0
425 silly currentTree | |   `-- asap@1.0.0
425 silly currentTree | +-- mkdirp@0.5.1
425 silly currentTree | | `-- minimist@0.0.8
425 silly currentTree | +-- transformers@2.1.0
425 silly currentTree | | +-- css@1.0.8
425 silly currentTree | | | +-- css-parse@1.0.4
425 silly currentTree | | | `-- css-stringify@1.0.5
425 silly currentTree | | +-- promise@2.0.0
425 silly currentTree | | | `-- is-promise@1.0.1
425 silly currentTree | | `-- uglify-js@2.2.5
425 silly currentTree | |   +-- optimist@0.3.7
425 silly currentTree | |   | `-- wordwrap@0.0.3
425 silly currentTree | |   `-- source-map@0.1.43
425 silly currentTree | |     `-- amdefine@1.0.0
425 silly currentTree | +-- uglify-js@2.6.2
425 silly currentTree | | +-- async@0.2.10
425 silly currentTree | | +-- source-map@0.5.3
425 silly currentTree | | +-- uglify-to-browserify@1.0.2
425 silly currentTree | | `-- yargs@3.10.0
425 silly currentTree | |   +-- camelcase@1.2.1
425 silly currentTree | |   +-- cliui@2.1.0
425 silly currentTree | |   | +-- center-align@0.1.3
425 silly currentTree | |   | | +-- align-text@0.1.4
425 silly currentTree | |   | | | +-- kind-of@3.0.2
425 silly currentTree | |   | | | | `-- is-buffer@1.1.2
425 silly currentTree | |   | | | +-- longest@1.0.1
425 silly currentTree | |   | | | `-- repeat-string@1.5.2
425 silly currentTree | |   | | `-- lazy-cache@1.0.3
425 silly currentTree | |   | +-- right-align@0.1.3
425 silly currentTree | |   | | `-- align-text@0.1.4
425 silly currentTree | |   | |   +-- kind-of@3.0.2
425 silly currentTree | |   | |   | `-- is-buffer@1.1.2
425 silly currentTree | |   | |   +-- longest@1.0.1
425 silly currentTree | |   | |   `-- repeat-string@1.5.2
425 silly currentTree | |   | `-- wordwrap@0.0.2
425 silly currentTree | |   +-- decamelize@1.1.2
425 silly currentTree | |   | `-- escape-string-regexp@1.0.5
425 silly currentTree | |   `-- window-size@0.1.0
425 silly currentTree | +-- void-elements@2.0.1
425 silly currentTree | `-- with@4.0.3
425 silly currentTree |   +-- acorn-globals@1.0.9
425 silly currentTree |   | `-- acorn@2.7.0
425 silly currentTree |   `-- acorn@1.2.2
425 silly currentTree +-- mongoose@4.4.19
425 silly currentTree | +-- async@1.5.2
425 silly currentTree | +-- bson@0.4.23
425 silly currentTree | +-- hooks-fixed@1.1.0
425 silly currentTree | +-- kareem@1.0.1
425 silly currentTree | +-- mongodb@2.1.18
425 silly currentTree | | +-- es6-promise@3.0.2
425 silly currentTree | | +-- mongodb-core@1.3.18
425 silly currentTree | | | `-- require_optional@1.0.0
425 silly currentTree | | |   +-- resolve-from@2.0.0
425 silly currentTree | | |   `-- semver@5.1.0
425 silly currentTree | | `-- readable-stream@1.0.31
425 silly currentTree | |   +-- core-util-is@1.0.2
425 silly currentTree | |   +-- inherits@2.0.1
425 silly currentTree | |   +-- isarray@0.0.1
425 silly currentTree | |   `-- string_decoder@0.10.31
425 silly currentTree | +-- mpath@0.2.1
425 silly currentTree | +-- mpromise@0.5.5
425 silly currentTree | +-- mquery@1.10.0
425 silly currentTree | | +-- bluebird@2.10.2
425 silly currentTree | | `-- sliced@0.0.5
425 silly currentTree | +-- ms@0.7.1
425 silly currentTree | +-- muri@1.1.0
425 silly currentTree | +-- regexp-clone@0.0.1
425 silly currentTree | `-- sliced@1.0.1
425 silly currentTree +-- monk@1.0.1
425 silly currentTree | +-- mongodb@1.4.40
425 silly currentTree | | +-- bson@0.2.22
425 silly currentTree | | | `-- nan@1.8.4
425 silly currentTree | | +-- kerberos@0.0.11
425 silly currentTree | | | `-- nan@1.8.4
425 silly currentTree | | `-- readable-stream@2.0.5
425 silly currentTree | |   +-- core-util-is@1.0.2
425 silly currentTree | |   +-- inherits@2.0.1
425 silly currentTree | |   +-- isarray@0.0.1
425 silly currentTree | |   +-- process-nextick-args@1.0.6
425 silly currentTree | |   +-- string_decoder@0.10.31
425 silly currentTree | |   `-- util-deprecate@1.0.2
425 silly currentTree | +-- mongoskin@1.4.13
425 silly currentTree | `-- mpromise@0.5.1
425 silly currentTree +-- morgan@1.6.1
425 silly currentTree | +-- basic-auth@1.0.3
425 silly currentTree | +-- depd@1.0.1
425 silly currentTree | +-- on-finished@2.3.0
425 silly currentTree | | `-- ee-first@1.1.1
425 silly currentTree | `-- on-headers@1.0.1
425 silly currentTree +-- mysql@2.10.2
425 silly currentTree | +-- bignumber.js@2.1.4
425 silly currentTree | `-- readable-stream@1.1.13
425 silly currentTree |   +-- core-util-is@1.0.2
425 silly currentTree |   +-- inherits@2.0.1
425 silly currentTree |   +-- isarray@0.0.1
425 silly currentTree |   `-- string_decoder@0.10.31
425 silly currentTree +-- mysql@2.10.2
425 silly currentTree `-- serve-favicon@2.3.0
425 silly currentTree   +-- etag@1.7.0
425 silly currentTree   +-- fresh@0.3.0
425 silly currentTree   +-- ms@0.7.1
425 silly currentTree   `-- parseurl@1.3.1
426 silly idealTree gestionutilisateur@0.0.0
426 silly idealTree +-- bignumber.js@2.3.0
426 silly idealTree +-- body-parser@1.13.3
426 silly idealTree | +-- bytes@2.1.0
426 silly idealTree | +-- content-type@1.0.1
426 silly idealTree | +-- depd@1.0.1
426 silly idealTree | +-- http-errors@1.3.1
426 silly idealTree | | +-- inherits@2.0.1
426 silly idealTree | | `-- statuses@1.2.1
426 silly idealTree | +-- iconv-lite@0.4.11
426 silly idealTree | +-- on-finished@2.3.0
426 silly idealTree | | `-- ee-first@1.1.1
426 silly idealTree | +-- qs@4.0.0
426 silly idealTree | +-- raw-body@2.1.5
426 silly idealTree | | +-- bytes@2.2.0
426 silly idealTree | | +-- iconv-lite@0.4.13
426 silly idealTree | | `-- unpipe@1.0.0
426 silly idealTree | `-- type-is@1.6.11
426 silly idealTree |   +-- media-typer@0.3.0
426 silly idealTree |   `-- mime-types@2.1.10
426 silly idealTree |     `-- mime-db@1.22.0
426 silly idealTree +-- bson@0.4.23
426 silly idealTree +-- cookie-parser@1.3.5
426 silly idealTree | +-- cookie-signature@1.0.6
426 silly idealTree | `-- cookie@0.1.3
426 silly idealTree +-- core-util-is@1.0.2
426 silly idealTree +-- debug@2.2.0
426 silly idealTree | `-- ms@0.7.1
426 silly idealTree +-- es6-promise@2.1.1
426 silly idealTree +-- express@4.13.4
426 silly idealTree | +-- accepts@1.2.13
426 silly idealTree | | +-- mime-types@2.1.10
426 silly idealTree | | | `-- mime-db@1.22.0
426 silly idealTree | | `-- negotiator@0.5.3
426 silly idealTree | +-- array-flatten@1.1.1
426 silly idealTree | +-- content-disposition@0.5.1
426 silly idealTree | +-- content-type@1.0.1
426 silly idealTree | +-- cookie-signature@1.0.6
426 silly idealTree | +-- cookie@0.1.5
426 silly idealTree | +-- depd@1.1.0
426 silly idealTree | +-- escape-html@1.0.3
426 silly idealTree | +-- etag@1.7.0
426 silly idealTree | +-- finalhandler@0.4.1
426 silly idealTree | | `-- unpipe@1.0.0
426 silly idealTree | +-- fresh@0.3.0
426 silly idealTree | +-- merge-descriptors@1.0.1
426 silly idealTree | +-- methods@1.1.2
426 silly idealTree | +-- on-finished@2.3.0
426 silly idealTree | | `-- ee-first@1.1.1
426 silly idealTree | +-- parseurl@1.3.1
426 silly idealTree | +-- path-to-regexp@0.1.7
426 silly idealTree | +-- proxy-addr@1.0.10
426 silly idealTree | | +-- forwarded@0.1.0
426 silly idealTree | | `-- ipaddr.js@1.0.5
426 silly idealTree | +-- qs@4.0.0
426 silly idealTree | +-- range-parser@1.0.3
426 silly idealTree | +-- send@0.13.1
426 silly idealTree | | +-- destroy@1.0.4
426 silly idealTree | | +-- http-errors@1.3.1
426 silly idealTree | | | `-- inherits@2.0.1
426 silly idealTree | | +-- mime@1.3.4
426 silly idealTree | | +-- ms@0.7.1
426 silly idealTree | | `-- statuses@1.2.1
426 silly idealTree | +-- serve-static@1.10.2
426 silly idealTree | +-- type-is@1.6.11
426 silly idealTree | | +-- media-typer@0.3.0
426 silly idealTree | | `-- mime-types@2.1.10
426 silly idealTree | |   `-- mime-db@1.22.0
426 silly idealTree | +-- utils-merge@1.0.0
426 silly idealTree | `-- vary@1.0.1
426 silly idealTree +-- inherits@2.0.1
426 silly idealTree +-- isarray@0.0.1
426 silly idealTree +-- jade@1.11.0
426 silly idealTree | +-- character-parser@1.2.1
426 silly idealTree | +-- clean-css@3.4.9
426 silly idealTree | | +-- commander@2.8.1
426 silly idealTree | | | `-- graceful-readlink@1.0.1
426 silly idealTree | | `-- source-map@0.4.4
426 silly idealTree | |   `-- amdefine@1.0.0
426 silly idealTree | +-- commander@2.6.0
426 silly idealTree | +-- constantinople@3.0.2
426 silly idealTree | | `-- acorn@2.7.0
426 silly idealTree | +-- jstransformer@0.0.2
426 silly idealTree | | +-- is-promise@2.1.0
426 silly idealTree | | `-- promise@6.1.0
426 silly idealTree | |   `-- asap@1.0.0
426 silly idealTree | +-- mkdirp@0.5.1
426 silly idealTree | | `-- minimist@0.0.8
426 silly idealTree | +-- transformers@2.1.0
426 silly idealTree | | +-- css@1.0.8
426 silly idealTree | | | +-- css-parse@1.0.4
426 silly idealTree | | | `-- css-stringify@1.0.5
426 silly idealTree | | +-- promise@2.0.0
426 silly idealTree | | | `-- is-promise@1.0.1
426 silly idealTree | | `-- uglify-js@2.2.5
426 silly idealTree | |   +-- optimist@0.3.7
426 silly idealTree | |   | `-- wordwrap@0.0.3
426 silly idealTree | |   `-- source-map@0.1.43
426 silly idealTree | |     `-- amdefine@1.0.0
426 silly idealTree | +-- uglify-js@2.6.2
426 silly idealTree | | +-- async@0.2.10
426 silly idealTree | | +-- source-map@0.5.3
426 silly idealTree | | +-- uglify-to-browserify@1.0.2
426 silly idealTree | | `-- yargs@3.10.0
426 silly idealTree | |   +-- camelcase@1.2.1
426 silly idealTree | |   +-- cliui@2.1.0
426 silly idealTree | |   | +-- center-align@0.1.3
426 silly idealTree | |   | | +-- align-text@0.1.4
426 silly idealTree | |   | | | +-- kind-of@3.0.2
426 silly idealTree | |   | | | | `-- is-buffer@1.1.2
426 silly idealTree | |   | | | +-- longest@1.0.1
426 silly idealTree | |   | | | `-- repeat-string@1.5.2
426 silly idealTree | |   | | `-- lazy-cache@1.0.3
426 silly idealTree | |   | +-- right-align@0.1.3
426 silly idealTree | |   | | `-- align-text@0.1.4
426 silly idealTree | |   | |   +-- kind-of@3.0.2
426 silly idealTree | |   | |   | `-- is-buffer@1.1.2
426 silly idealTree | |   | |   +-- longest@1.0.1
426 silly idealTree | |   | |   `-- repeat-string@1.5.2
426 silly idealTree | |   | `-- wordwrap@0.0.2
426 silly idealTree | |   +-- decamelize@1.1.2
426 silly idealTree | |   | `-- escape-string-regexp@1.0.5
426 silly idealTree | |   `-- window-size@0.1.0
426 silly idealTree | +-- void-elements@2.0.1
426 silly idealTree | `-- with@4.0.3
426 silly idealTree |   +-- acorn-globals@1.0.9
426 silly idealTree |   | `-- acorn@2.7.0
426 silly idealTree |   `-- acorn@1.2.2
426 silly idealTree +-- mongodb-core@1.2.31
426 silly idealTree +-- mongodb@2.0.55
426 silly idealTree +-- mongoose@4.4.19
426 silly idealTree | +-- async@1.5.2
426 silly idealTree | +-- bson@0.4.23
426 silly idealTree | +-- hooks-fixed@1.1.0
426 silly idealTree | +-- kareem@1.0.1
426 silly idealTree | +-- mongodb@2.1.18
426 silly idealTree | | +-- es6-promise@3.0.2
426 silly idealTree | | +-- mongodb-core@1.3.18
426 silly idealTree | | | `-- require_optional@1.0.0
426 silly idealTree | | |   +-- resolve-from@2.0.0
426 silly idealTree | | |   `-- semver@5.1.0
426 silly idealTree | | `-- readable-stream@1.0.31
426 silly idealTree | |   +-- core-util-is@1.0.2
426 silly idealTree | |   +-- inherits@2.0.1
426 silly idealTree | |   +-- isarray@0.0.1
426 silly idealTree | |   `-- string_decoder@0.10.31
426 silly idealTree | +-- mpath@0.2.1
426 silly idealTree | +-- mpromise@0.5.5
426 silly idealTree | +-- mquery@1.10.0
426 silly idealTree | | +-- bluebird@2.10.2
426 silly idealTree | | `-- sliced@0.0.5
426 silly idealTree | +-- ms@0.7.1
426 silly idealTree | +-- muri@1.1.0
426 silly idealTree | +-- regexp-clone@0.0.1
426 silly idealTree | `-- sliced@1.0.1
426 silly idealTree +-- monk@1.0.1
426 silly idealTree | +-- mongoskin@1.4.13
426 silly idealTree | `-- mpromise@0.5.1
426 silly idealTree +-- morgan@1.6.1
426 silly idealTree | +-- basic-auth@1.0.3
426 silly idealTree | +-- depd@1.0.1
426 silly idealTree | +-- on-finished@2.3.0
426 silly idealTree | | `-- ee-first@1.1.1
426 silly idealTree | `-- on-headers@1.0.1
426 silly idealTree +-- mysql@2.10.2
426 silly idealTree | `-- readable-stream@1.1.14
426 silly idealTree +-- mysql@2.10.2
426 silly idealTree | +-- bignumber.js@2.1.4
426 silly idealTree | `-- readable-stream@1.1.13
426 silly idealTree |   +-- core-util-is@1.0.2
426 silly idealTree |   +-- inherits@2.0.1
426 silly idealTree |   +-- isarray@0.0.1
426 silly idealTree |   `-- string_decoder@0.10.31
426 silly idealTree +-- readable-stream@1.0.31
426 silly idealTree +-- serve-favicon@2.3.0
426 silly idealTree | +-- etag@1.7.0
426 silly idealTree | +-- fresh@0.3.0
426 silly idealTree | +-- ms@0.7.1
426 silly idealTree | `-- parseurl@1.3.1
426 silly idealTree `-- string_decoder@0.10.31
427 silly generateActionsToTake Starting
428 silly install generateActionsToTake
429 warn checkPermissions Missing write access to c:\gestionutilisateur\node_modules\node-mysql-master\node_modules\readable-stream
430 warn checkPermissions Missing write access to c:\gestionutilisateur\node_modules\node-mysql-master\node_modules
431 silly rollbackFailedOptional Starting
432 silly rollbackFailedOptional Finishing
433 silly runTopLevelLifecycles Starting
434 silly runTopLevelLifecycles Finishing
435 silly install printInstalled
436 warn mongoskin@1.4.13 requires a peer of mongodb@~1.4 but none was installed.
437 warn mongodb-core@1.2.31 requires a peer of kerberos@~0.0 but none was installed.
438 verbose stack Error: ENOENT: no such file or directory, access 'c:\gestionutilisateur\node_modules\node-mysql-master\node_modules\readable-stream'
438 verbose stack     at Error (native)
439 verbose cwd c:\gestionutilisateur
440 error Windows_NT 6.1.7601
441 error argv "C:\\Program Files\\nodejs\\node.exe" "C:\\Program Files\\nodejs\\node_modules\\npm\\bin\\npm-cli.js" "install" "mongodb"
442 error node v6.2.0
443 error npm  v3.8.9
444 error path c:\gestionutilisateur\node_modules\node-mysql-master\node_modules\readable-stream
445 error code ENOENT
446 error errno -4058
447 error syscall access
448 error enoent ENOENT: no such file or directory, access 'c:\gestionutilisateur\node_modules\node-mysql-master\node_modules\readable-stream'
449 error enoent ENOENT: no such file or directory, access 'c:\gestionutilisateur\node_modules\node-mysql-master\node_modules\readable-stream'
449 error enoent This is most likely not a problem with npm itself
449 error enoent and is related to npm not being able to find a file.
450 verbose exit [ -4058, true ]
